{
  "RSpec": {
    "coverage": {
      "/Users/aprildagonese/Turing/2module/examples/set-list/spec/features/user_sees_welcome_message_spec.rb": [
        1,
        1,
        1,
        1,
        null,
        1,
        1,
        null,
        null,
        null
      ],
      "/Users/aprildagonese/Turing/2module/examples/set-list/spec/models/song_spec.rb": [
        1,
        1,
        1,
        1,
        1,
        1,
        null,
        1,
        null,
        null,
        null,
        null
      ]
    },
    "timestamp": 1548362897
  }
}
